Graph 1
h = 10
1  2  3  2  4  5  6  7  3  8  2  6  9  7  10  
diameter = 3

Graph 2
h = 12
1  2  3  4  5  6  7  3  7  8  9  3  10  11  12  
diameter = 3

Graph 3
h = 12
1  2  3  4  5  6  7  3  7  8  9  2  10  11  12  
diameter = 3

Graph 4
h = 13
1  2  3  4  5  6  7  8  7  9  3  10  11  12  13  
diameter = 3

Graph 5
h = 14
1  2  3  4  5  6  7  8  9  10  2  11  12  13  14  
diameter = 3

Graph 6
h = 13
1  2  3  4  5  6  7  8  2  9  3  10  11  12  13  
diameter = 3

Graph 7
h = 13
1  2  3  4  5  6  7  8  2  9  2  10  11  12  13  
diameter = 3

Graph 8
h = 13
1  2  3  2  4  5  6  7  7  8  9  10  11  12  13  
diameter = 3

Graph 9
h = 13
1  2  3  2  4  5  6  7  7  8  9  10  11  12  13  
diameter = 3

Graph 10
h = 13
1  2  3  4  5  6  7  3  2  8  9  10  11  12  13  
diameter = 3

Graph 11
h = 15
1  2  3  4  5  6  7  8  9  10  11  12  13  14  15  
diameter = 2

Graph 12
h = 15
1  2  3  4  5  6  7  8  9  10  11  12  13  14  15  
diameter = 2

Graph 13
h = 15
1  2  3  4  5  6  7  8  9  10  11  12  13  14  15  
diameter = 2

Graph 14
h = 14
1  2  3  4  5  6  7  2  8  9  10  11  12  13  14  
diameter = 3

Graph 15
h = 15
1  2  3  4  5  6  7  8  9  10  11  12  13  14  15  
diameter = 2

Graph 16
h = 13
1  2  3  4  5  6  7  3  8  9  10  3  11  12  13  
diameter = 3

