Graph 1
h = 18
1  2  3  4  5  6  7  8  9  3  10  11  12  4  9  13  14  15  16  17  18  
diameter = 3

Graph 2
h = 18
1  2  3  4  5  6  7  8  9  10  11  12  13  4  9  14  15  10  16  17  18  
diameter = 3

Graph 3
h = 19
1  2  3  4  5  6  7  8  9  10  11  12  13  4  9  14  15  16  17  18  19  
diameter = 3

Graph 4
h = 20
1  2  3  4  5  6  7  8  9  10  11  12  13  14  4  15  16  17  18  19  20  
diameter = 3

Graph 5
h = 21
1  2  3  4  5  6  7  8  9  10  11  12  13  14  15  16  17  18  19  20  21  
diameter = 2

Graph 6
h = 20
1  2  3  4  5  6  7  8  9  10  11  12  13  14  3  15  16  17  18  19  20  
diameter = 3

Graph 7
h = 20
1  2  3  4  5  6  7  8  9  10  11  12  13  14  3  15  16  17  18  19  20  
diameter = 3

Graph 8
h = 20
1  2  3  4  5  6  7  8  9  3  10  11  12  13  14  15  16  17  18  19  20  
diameter = 3

Graph 9
h = 20
1  2  3  4  5  6  7  8  9  3  10  11  12  13  14  15  16  17  18  19  20  
diameter = 3

Graph 10
h = 21
1  2  3  4  5  6  7  8  9  10  11  12  13  14  15  16  17  18  19  20  21  
diameter = 2

Graph 11
h = 21
1  2  3  4  5  6  7  8  9  10  11  12  13  14  15  16  17  18  19  20  21  
diameter = 2

Graph 12
h = 19
1  2  3  4  5  6  7  8  9  3  10  11  12  13  3  14  15  16  17  18  19  
diameter = 3

Graph 13
h = 19
1  2  3  4  5  6  7  8  9  3  10  11  12  13  3  14  15  16  17  18  19  
diameter = 3

Graph 14
h = 20
1  2  3  4  5  6  7  8  9  3  10  11  12  13  14  15  16  17  18  19  20  
diameter = 3

Graph 15
h = 19
1  2  3  4  5  6  7  8  9  10  11  12  13  4  9  14  15  16  17  18  19  
diameter = 3

Graph 16
h = 19
1  2  3  4  5  6  7  8  9  10  11  12  13  4  9  14  15  16  17  18  19  
diameter = 3

Graph 17
h = 19
1  2  3  4  5  6  7  8  9  10  11  12  13  4  3  14  15  16  17  18  19  
diameter = 3

Graph 18
h = 21
1  2  3  4  5  6  7  8  9  10  11  12  13  14  15  16  17  18  19  20  21  
diameter = 2

Graph 19
h = 21
1  2  3  4  5  6  7  8  9  10  11  12  13  14  15  16  17  18  19  20  21  
diameter = 2

Graph 20
h = 21
1  2  3  4  5  6  7  8  9  10  11  12  13  14  15  16  17  18  19  20  21  
diameter = 2

Graph 21
h = 20
1  2  3  4  5  6  7  8  9  10  11  12  13  3  14  15  16  17  18  19  20  
diameter = 3

Graph 22
h = 20
1  2  3  4  5  6  7  8  9  10  11  12  13  4  14  15  16  17  18  19  20  
diameter = 3

Graph 23
h = 20
1  2  3  4  5  6  7  8  9  10  11  12  13  4  14  15  16  17  18  19  20  
diameter = 3

Graph 24
h = 21
1  2  3  4  5  6  7  8  9  10  11  12  13  14  15  16  17  18  19  20  21  
diameter = 2

Graph 25
h = 21
1  2  3  4  5  6  7  8  9  10  11  12  13  14  15  16  17  18  19  20  21  
diameter = 2

Graph 26
h = 21
1  2  3  4  5  6  7  8  9  10  11  12  13  14  15  16  17  18  19  20  21  
diameter = 2

Graph 27
h = 21
1  2  3  4  5  6  7  8  9  10  11  12  13  14  15  16  17  18  19  20  21  
diameter = 2

Graph 28
h = 21
1  2  3  4  5  6  7  8  9  10  11  12  13  14  15  16  17  18  19  20  21  
diameter = 2

Graph 29
h = 21
1  2  3  4  5  6  7  8  9  10  11  12  13  14  15  16  17  18  19  20  21  
diameter = 2

Graph 30
h = 21
1  2  3  4  5  6  7  8  9  10  11  12  13  14  15  16  17  18  19  20  21  
diameter = 2

Graph 31
h = 21
1  2  3  4  5  6  7  8  9  10  11  12  13  14  15  16  17  18  19  20  21  
diameter = 2

Graph 32
h = 20
1  2  3  4  5  6  7  8  9  10  3  11  12  13  14  15  16  17  18  19  20  
diameter = 3

Graph 33
h = 19
1  2  3  4  5  6  7  8  9  10  11  12  13  4  3  14  15  16  17  18  19  
diameter = 3

Graph 34
h = 20
1  2  3  4  5  6  7  8  9  10  3  11  12  13  14  15  16  17  18  19  20  
diameter = 3

Graph 35
h = 20
1  2  3  4  5  6  7  8  9  10  3  11  12  13  14  15  16  17  18  19  20  
diameter = 3

Graph 36
h = 19
1  2  3  4  5  6  7  8  9  10  3  11  12  3  13  14  15  16  17  18  19  
diameter = 3

Graph 37
h = 20
1  2  3  4  5  6  7  8  9  10  11  12  13  4  14  15  16  17  18  19  20  
diameter = 3

Graph 38
h = 20
1  2  3  4  5  6  7  8  9  10  11  12  13  4  14  15  16  17  18  19  20  
diameter = 3

Graph 39
h = 21
1  2  3  4  5  6  7  8  9  10  11  12  13  14  15  16  17  18  19  20  21  
diameter = 2

Graph 40
h = 20
1  2  3  4  5  6  7  8  9  10  3  11  12  13  14  15  16  17  18  19  20  
diameter = 3

Graph 41
h = 20
1  2  3  4  5  6  7  8  9  10  11  12  13  11  14  15  16  17  18  19  20  
diameter = 3

Graph 42
h = 20
1  2  3  4  5  6  7  8  9  10  11  12  13  11  14  15  16  17  18  19  20  
diameter = 3

Graph 43
h = 21
1  2  3  4  5  6  7  8  9  10  11  12  13  14  15  16  17  18  19  20  21  
diameter = 2

Graph 44
h = 21
1  2  3  4  5  6  7  8  9  10  11  12  13  14  15  16  17  18  19  20  21  
diameter = 2

Graph 45
h = 20
1  2  3  4  5  6  7  8  9  10  11  12  13  14  15  16  11  17  18  19  20  
diameter = 3

Graph 46
h = 20
1  2  3  4  5  6  7  8  9  10  11  12  13  14  3  15  16  17  18  19  20  
diameter = 3

Graph 47
h = 21
1  2  3  4  5  6  7  8  9  10  11  12  13  14  15  16  17  18  19  20  21  
diameter = 2

Graph 48
h = 21
1  2  3  4  5  6  7  8  9  10  11  12  13  14  15  16  17  18  19  20  21  
diameter = 2

Graph 49
h = 21
1  2  3  4  5  6  7  8  9  10  11  12  13  14  15  16  17  18  19  20  21  
diameter = 2

Graph 50
h = 21
1  2  3  4  5  6  7  8  9  10  11  12  13  14  15  16  17  18  19  20  21  
diameter = 2

Graph 51
h = 19
1  2  3  4  5  6  7  8  9  10  11  12  13  14  9  15  16  10  17  18  19  
diameter = 3

Graph 52
h = 20
1  2  3  4  5  6  7  8  9  10  11  12  13  14  15  16  17  10  18  19  20  
diameter = 3

Graph 53
h = 20
1  2  3  4  5  6  7  8  9  10  11  12  13  14  15  16  17  10  18  19  20  
diameter = 3

Graph 54
h = 21
1  2  3  4  5  6  7  8  9  10  11  12  13  14  15  16  17  18  19  20  21  
diameter = 2

Graph 55
h = 21
1  2  3  4  5  6  7  8  9  10  11  12  13  14  15  16  17  18  19  20  21  
diameter = 2

Graph 56
h = 20
1  2  3  4  5  6  7  8  9  10  11  12  13  3  14  15  16  17  18  19  20  
diameter = 3

Graph 57
h = 20
1  2  3  4  5  6  7  8  9  10  11  12  13  11  14  15  16  17  18  19  20  
diameter = 3

Graph 58
h = 21
1  2  3  4  5  6  7  8  9  10  11  12  13  14  15  16  17  18  19  20  21  
diameter = 2

Graph 59
h = 20
1  2  3  4  5  6  7  8  9  10  11  12  13  11  14  15  16  17  18  19  20  
diameter = 3

Graph 60
h = 20
1  2  3  4  5  6  7  8  9  10  11  12  13  14  15  16  11  17  18  19  20  
diameter = 3

Graph 61
h = 21
1  2  3  4  5  6  7  8  9  10  11  12  13  14  15  16  17  18  19  20  21  
diameter = 2

Graph 62
h = 21
1  2  3  4  5  6  7  8  9  10  11  12  13  14  15  16  17  18  19  20  21  
diameter = 2

Graph 63
h = 21
1  2  3  4  5  6  7  8  9  10  11  12  13  14  15  16  17  18  19  20  21  
diameter = 2

Graph 64
h = 20
1  2  3  4  5  6  7  8  9  10  11  12  11  13  14  15  16  17  18  19  20  
diameter = 3

Graph 65
h = 20
1  2  3  4  5  6  7  8  9  10  11  12  11  13  14  15  16  17  18  19  20  
diameter = 3

Graph 66
h = 21
1  2  3  4  5  6  7  8  9  10  11  12  13  14  15  16  17  18  19  20  21  
diameter = 2

Graph 67
h = 21
1  2  3  4  5  6  7  8  9  10  11  12  13  14  15  16  17  18  19  20  21  
diameter = 2

Graph 68
h = 20
1  2  3  4  5  6  7  8  9  10  11  12  13  11  14  15  16  17  18  19  20  
diameter = 3

Graph 69
h = 21
1  2  3  4  5  6  7  8  9  10  11  12  13  14  15  16  17  18  19  20  21  
diameter = 2

Graph 70
h = 21
1  2  3  4  5  6  7  8  9  10  11  12  13  14  15  16  17  18  19  20  21  
diameter = 2

Graph 71
h = 21
1  2  3  4  5  6  7  8  9  10  11  12  13  14  15  16  17  18  19  20  21  
diameter = 2

Graph 72
h = 21
1  2  3  4  5  6  7  8  9  10  11  12  13  14  15  16  17  18  19  20  21  
diameter = 2

Graph 73
h = 21
1  2  3  4  5  6  7  8  9  10  11  12  13  14  15  16  17  18  19  20  21  
diameter = 2

Graph 74
h = 21
1  2  3  4  5  6  7  8  9  10  11  12  13  14  15  16  17  18  19  20  21  
diameter = 2

Graph 75
h = 20
1  2  3  4  5  6  7  8  9  10  11  12  11  13  14  15  16  17  18  19  20  
diameter = 3

Graph 76
h = 21
1  2  3  4  5  6  7  8  9  10  11  12  13  14  15  16  17  18  19  20  21  
diameter = 2

Graph 77
h = 19
1  2  3  4  5  6  7  8  9  10  11  12  13  14  3  15  11  16  17  18  19  
diameter = 3

Graph 78
h = 20
1  2  3  4  5  6  7  8  9  10  3  11  12  13  14  15  16  17  18  19  20  
diameter = 3

Graph 79
h = 20
1  2  3  4  5  6  7  8  9  10  3  11  12  13  14  15  16  17  18  19  20  
diameter = 3

Graph 80
h = 19
1  2  3  4  5  6  7  8  9  10  3  11  12  3  13  14  15  16  17  18  19  
diameter = 3

Graph 81
h = 20
1  2  3  4  5  6  7  8  9  10  11  12  13  11  14  15  16  17  18  19  20  
diameter = 3

Graph 82
h = 20
1  2  3  4  5  6  7  8  9  10  11  12  13  11  14  15  16  17  18  19  20  
diameter = 3

Graph 83
h = 19
1  2  3  4  5  6  7  8  9  10  11  12  13  14  3  11  15  16  17  18  19  
diameter = 3

Graph 84
h = 20
1  2  3  4  5  6  7  8  9  10  3  11  12  13  14  15  16  17  18  19  20  
diameter = 3

Graph 85
h = 21
1  2  3  4  5  6  7  8  9  10  11  12  13  14  15  16  17  18  19  20  21  
diameter = 2

Graph 86
h = 21
1  2  3  4  5  6  7  8  9  10  11  12  13  14  15  16  17  18  19  20  21  
diameter = 2

Graph 87
h = 21
1  2  3  4  5  6  7  8  9  10  11  12  13  14  15  16  17  18  19  20  21  
diameter = 2

Graph 88
h = 21
1  2  3  4  5  6  7  8  9  10  11  12  13  14  15  16  17  18  19  20  21  
diameter = 2

Graph 89
h = 21
1  2  3  4  5  6  7  8  9  10  11  12  13  14  15  16  17  18  19  20  21  
diameter = 2

Graph 90
h = 21
1  2  3  4  5  6  7  8  9  10  11  12  13  14  15  16  17  18  19  20  21  
diameter = 2

Graph 91
h = 21
1  2  3  4  5  6  7  8  9  10  11  12  13  14  15  16  17  18  19  20  21  
diameter = 2

Graph 92
h = 21
1  2  3  4  5  6  7  8  9  10  11  12  13  14  15  16  17  18  19  20  21  
diameter = 2

Graph 93
h = 21
1  2  3  4  5  6  7  8  9  10  11  12  13  14  15  16  17  18  19  20  21  
diameter = 2

Graph 94
h = 21
1  2  3  4  5  6  7  8  9  10  11  12  13  14  15  16  17  18  19  20  21  
diameter = 2

Graph 95
h = 21
1  2  3  4  5  6  7  8  9  10  11  12  13  14  15  16  17  18  19  20  21  
diameter = 2

Graph 96
h = 21
1  2  3  4  5  6  7  8  9  10  11  12  13  14  15  16  17  18  19  20  21  
diameter = 2

Graph 97
h = 21
1  2  3  4  5  6  7  8  9  10  11  12  13  14  15  16  17  18  19  20  21  
diameter = 2

Graph 98
h = 21
1  2  3  4  5  6  7  8  9  10  11  12  13  14  15  16  17  18  19  20  21  
diameter = 2

Graph 99
h = 21
1  2  3  4  5  6  7  8  9  10  11  12  13  14  15  16  17  18  19  20  21  
diameter = 2

Graph 100
h = 21
1  2  3  4  5  6  7  8  9  10  11  12  13  14  15  16  17  18  19  20  21  
diameter = 2

Graph 101
h = 21
1  2  3  4  5  6  7  8  9  10  11  12  13  14  15  16  17  18  19  20  21  
diameter = 2

Graph 102
h = 21
1  2  3  4  5  6  7  8  9  10  11  12  13  14  15  16  17  18  19  20  21  
diameter = 2

Graph 103
h = 21
1  2  3  4  5  6  7  8  9  10  11  12  13  14  15  16  17  18  19  20  21  
diameter = 2

Graph 104
h = 21
1  2  3  4  5  6  7  8  9  10  11  12  13  14  15  16  17  18  19  20  21  
diameter = 2

Graph 105
h = 21
1  2  3  4  5  6  7  8  9  10  11  12  13  14  15  16  17  18  19  20  21  
diameter = 2

Graph 106
h = 19
1  2  3  4  5  6  7  8  9  4  10  11  12  13  14  10  15  16  17  18  19  
diameter = 3

Graph 107
h = 21
1  2  3  4  5  6  7  8  9  10  11  12  13  14  15  16  17  18  19  20  21  
diameter = 2

Graph 108
h = 21
1  2  3  4  5  6  7  8  9  10  11  12  13  14  15  16  17  18  19  20  21  
diameter = 2

Graph 109
h = 20
1  2  3  4  5  6  7  8  9  10  11  12  13  14  15  16  17  10  18  19  20  
diameter = 3

Graph 110
h = 21
1  2  3  4  5  6  7  8  9  10  11  12  13  14  15  16  17  18  19  20  21  
diameter = 2

Graph 111
h = 21
1  2  3  4  5  6  7  8  9  10  11  12  13  14  15  16  17  18  19  20  21  
diameter = 2

Graph 112
h = 20
1  2  3  4  5  6  7  8  9  10  11  12  13  14  15  16  17  10  18  19  20  
diameter = 3

Graph 113
h = 21
1  2  3  4  5  6  7  8  9  10  11  12  13  14  15  16  17  18  19  20  21  
diameter = 2

Graph 114
h = 21
1  2  3  4  5  6  7  8  9  10  11  12  13  14  15  16  17  18  19  20  21  
diameter = 2

Graph 115
h = 20
1  2  3  4  5  6  7  8  9  10  11  12  13  14  15  16  17  10  18  19  20  
diameter = 3

Graph 116
h = 21
1  2  3  4  5  6  7  8  9  10  11  12  13  14  15  16  17  18  19  20  21  
diameter = 2

Graph 117
h = 21
1  2  3  4  5  6  7  8  9  10  11  12  13  14  15  16  17  18  19  20  21  
diameter = 2

Graph 118
h = 21
1  2  3  4  5  6  7  8  9  10  11  12  13  14  15  16  17  18  19  20  21  
diameter = 2

Graph 119
h = 21
1  2  3  4  5  6  7  8  9  10  11  12  13  14  15  16  17  18  19  20  21  
diameter = 2

Graph 120
h = 21
1  2  3  4  5  6  7  8  9  10  11  12  13  14  15  16  17  18  19  20  21  
diameter = 2

Graph 121
h = 21
1  2  3  4  5  6  7  8  9  10  11  12  13  14  15  16  17  18  19  20  21  
diameter = 2

Graph 122
h = 20
1  2  3  4  5  6  7  8  9  3  10  11  12  13  14  15  16  17  18  19  20  
diameter = 3

Graph 123
h = 21
1  2  3  4  5  6  7  8  9  10  11  12  13  14  15  16  17  18  19  20  21  
diameter = 2

Graph 124
h = 21
1  2  3  4  5  6  7  8  9  10  11  12  13  14  15  16  17  18  19  20  21  
diameter = 2

Graph 125
h = 21
1  2  3  4  5  6  7  8  9  10  11  12  13  14  15  16  17  18  19  20  21  
diameter = 2

Graph 126
h = 20
1  2  3  4  5  6  7  8  9  4  10  11  12  13  14  15  16  17  18  19  20  
diameter = 3

Graph 127
h = 20
1  2  3  4  5  6  7  8  9  4  10  11  12  13  14  15  16  17  18  19  20  
diameter = 3

Graph 128
h = 21
1  2  3  4  5  6  7  8  9  10  11  12  13  14  15  16  17  18  19  20  21  
diameter = 2

Graph 129
h = 21
1  2  3  4  5  6  7  8  9  10  11  12  13  14  15  16  17  18  19  20  21  
diameter = 2

Graph 130
h = 21
1  2  3  4  5  6  7  8  9  10  11  12  13  14  15  16  17  18  19  20  21  
diameter = 2

Graph 131
h = 21
1  2  3  4  5  6  7  8  9  10  11  12  13  14  15  16  17  18  19  20  21  
diameter = 2

Graph 132
h = 21
1  2  3  4  5  6  7  8  9  10  11  12  13  14  15  16  17  18  19  20  21  
diameter = 2

Graph 133
h = 20
1  2  3  4  5  6  7  8  9  10  11  12  13  14  3  15  16  17  18  19  20  
diameter = 3

Graph 134
h = 20
1  2  3  4  5  6  7  8  9  10  11  12  13  14  3  15  16  17  18  19  20  
diameter = 3

Graph 135
h = 19
1  2  3  4  5  6  7  8  9  3  10  11  12  13  3  14  15  16  17  18  19  
diameter = 3

