Graph 1
h = 1
1  1  1  1  1  1  1  
diameter = 0

18 : 1 19 2 7
h = 4
1  1  1  2  3  4  3  
diameter = 2

8 : 5 6 19 20 21 4
h = 2
1  1  1  1  1  1  2  
diameter = 1

12 : 1 5 9 6 10 11 19 20 21 4
h = 1
1  1  1  1  1  1  1  
diameter = 0

20 : 1 5 12 14 10 17 2 3 7 8
h = 4
1  1  1  2  3  4  4  
diameter = 2

9 : 5 12 6 21
h = 1
1  1  1  1  1  1  1  
diameter = 1

14 : 1 6 11 16 18 20
h = 1
1  1  1  1  1  1  1  
diameter = 0

2 : 16 17 18 19 20 21
h = 5
1  1  1  2  3  4  5  
diameter = 2

10 : 12 13 6 16 18 20
h = 1
1  1  1  1  1  1  1  
diameter = 0

16 : 1 5 6 14 10 15 11 21 2 7
h = 1
1  1  1  1  1  1  1  
diameter = 1

7 : 5 6 16 17 18 19 20 21 3 4
h = 2
1  1  1  1  1  1  2  
diameter = 1

Graph 5
h = 1
1  1  1  1  1  1  1  
diameter = 0

18 : 1 5 9 13 14 10 19 2 7 4
h = 4
1  1  1  2  3  4  3  
diameter = 2

8 : 5 6 19 20 21 4
h = 2
1  1  1  1  1  1  2  
diameter = 1

12 : 1 5 9 6 10 11 19 20 21 4
h = 1
1  1  1  1  1  1  1  
diameter = 0

20 : 1 5 12 14 10 17 2 3 7 8
h = 4
1  1  1  2  3  4  4  
diameter = 2

9 : 5 12 6 18 21
h = 1
1  1  1  1  1  1  1  
diameter = 1

14 : 1 6 11 16 18 20
h = 1
1  1  1  1  1  1  1  
diameter = 0

2 : 16 17 18 19 20 21
h = 5
1  1  1  2  3  4  5  
diameter = 2

10 : 12 13 6 15 16 18 20
h = 1
1  1  1  1  1  1  1  
diameter = 0

16 : 1 5 6 10 15 11 21 2 7
h = 1
1  1  1  1  1  1  1  
diameter = 1

7 : 5 6 16 17 18 19 20 21 3 4
h = 2
1  1  1  1  1  1  2  
diameter = 1

Graph 9
h = 1
1  1  1  1  1  1  1  
diameter = 0

18 : 1 5 9 13 14 10 19 2 7 4
h = 4
1  1  1  2  3  4  3  
diameter = 2

8 : 5 6 19 20 21 4
h = 2
1  1  1  1  1  1  2  
diameter = 1

12 : 1 5 9 6 10 11 19 20 21 4
h = 1
1  1  1  1  1  1  1  
diameter = 0

20 : 1 5 12 14 10 17 2 3 7 8
h = 4
1  1  1  2  3  4  4  
diameter = 2

9 : 5 12 6 15 18 21
h = 1
1  1  1  1  1  1  1  
diameter = 1

14 : 1 6 11 16 18 20
h = 1
1  1  1  1  1  1  1  
diameter = 0

2 : 16 17 18 19 20 21
h = 5
1  1  1  2  3  4  5  
diameter = 2

10 : 12 13 6 15 16 18 20
h = 1
1  1  1  1  1  1  1  
diameter = 0

16 : 1 5 6 10 11 21 2 7
h = 1
1  1  1  1  1  1  1  
diameter = 1

7 : 5 6 16 17 18 19 20 21 3 4
h = 2
1  1  1  1  1  1  2  
diameter = 1

Graph 13
h = 1
1  1  1  1  1  1  1  
diameter = 0

18 : 1 5 9 13 14 10 19 2 7 4
h = 4
1  1  1  2  3  4  3  
diameter = 2

8 : 5 6 19 20 21 4
h = 2
1  1  1  1  1  1  2  
diameter = 1

12 : 1 5 9 6 10 11 19 20 21 4
h = 1
1  1  1  1  1  1  1  
diameter = 0

20 : 1 12 14 17 2 3 7 8
h = 4
1  1  1  2  3  4  4  
diameter = 2

9 : 5 12 6 14 15 17 18 21
h = 1
1  1  1  1  1  1  1  
diameter = 1

14 : 1 6 11 16 20
h = 1
1  1  1  1  1  1  1  
diameter = 0

2 : 16 17 18 19 20 21
h = 5
1  1  1  2  3  4  5  
diameter = 2

10 : 12 13 6 16 20
h = 1
1  1  1  1  1  1  1  
diameter = 0

16 : 1 5 6 14 10 15 11 21 2 7
h = 1
1  1  1  1  1  1  1  
diameter = 1

7 : 5 6 16 17 18 19 20 21 3 4
h = 2
1  1  1  1  1  1  2  
diameter = 1

Graph 17
h = 1
1  1  1  1  1  1  1  
diameter = 0

18 : 1 5 13 14 10 2 7
h = 4
1  1  1  2  3  4  3  
diameter = 2

8 : 5 13 6 19 20 21 4
h = 2
1  1  1  1  1  1  2  
diameter = 1

12 : 1 5 9 6 10 11 19 20 21 4
h = 1
1  1  1  1  1  1  1  
diameter = 0

20 : 1 5 12 14 10 17 2 3 7 8
h = 4
1  1  1  2  3  4  4  
diameter = 2

9 : 5 12 6 15 18 21
h = 1
1  1  1  1  1  1  1  
diameter = 1

14 : 1 6 11 16 18 20
h = 1
1  1  1  1  1  1  1  
diameter = 0

2 : 16 17 18 19 20 21
h = 5
1  1  1  2  3  4  5  
diameter = 2

10 : 12 13 6 15 16 18 20
h = 1
1  1  1  1  1  1  1  
diameter = 0

16 : 1 5 6 10 15 11 21 2 7
h = 1
1  1  1  1  1  1  1  
diameter = 1

7 : 5 6 16 17 18 19 20 21 3 4
h = 2
1  1  1  1  1  1  2  
diameter = 1

Graph 21
h = 1
1  1  1  1  1  1  1  
diameter = 0

18 : 1 5 9 13 14 10 19 2 7 4
h = 4
1  1  1  2  3  4  3  
diameter = 2

8 : 5 6 15 19 20 21 4
h = 2
1  1  1  1  1  1  2  
diameter = 1

12 : 1 5 9 6 10 11 19 20 21 4
h = 1
1  1  1  1  1  1  1  
diameter = 0

20 : 1 5 12 14 10 17 2 3 7 8
h = 4
1  1  1  2  3  4  4  
diameter = 2

9 : 5 12 6 21
h = 1
1  1  1  1  1  1  1  
diameter = 1

14 : 1 6 11 16 18 20
h = 1
1  1  1  1  1  1  1  
diameter = 0

2 : 16 17 18 19 20 21
h = 5
1  1  1  2  3  4  5  
diameter = 2

10 : 12 13 6 15 16 18 20
h = 1
1  1  1  1  1  1  1  
diameter = 0

16 : 1 5 6 14 10 15 11 21 2 7
h = 1
1  1  1  1  1  1  1  
diameter = 1

7 : 5 6 16 17 18 19 20 21 3 4
h = 2
1  1  1  1  1  1  2  
diameter = 1

Graph 25
h = 1
1  1  1  1  1  1  1  
diameter = 0

18 : 1 5 9 13 10 19 2 7 4
h = 4
1  1  1  2  3  4  3  
diameter = 2

8 : 5 6 14 15 19 20 21 4
h = 2
1  1  1  1  1  1  2  
diameter = 1

12 : 1 5 9 6 10 11 19 20 21 4
h = 1
1  1  1  1  1  1  1  
diameter = 0

20 : 1 5 12 10 2 3 7 8
h = 4
1  1  1  2  3  4  4  
diameter = 2

9 : 5 12 6 14 15 17 18 21
h = 1
1  1  1  1  1  1  1  
diameter = 1

14 : 1 6 11 20 3 8
h = 1
1  1  1  1  1  1  1  
diameter = 0

2 : 16 17 18 19 20 21
h = 5
1  1  1  2  3  4  5  
diameter = 2

10 : 12 13 6 15 16 18 20
h = 1
1  1  1  1  1  1  1  
diameter = 0

16 : 1 5 6 10 15 11 21 2 7
h = 1
1  1  1  1  1  1  1  
diameter = 1

7 : 5 6 16 17 18 19 20 21 3 4
h = 2
1  1  1  1  1  1  2  
diameter = 1

Graph 29
h = 1
1  1  1  1  1  1  1  
diameter = 0

18 : 1 5 9 10 19 2 7 4
h = 4
1  1  1  2  3  4  3  
diameter = 2

8 : 5 13 6 14 15 19 20 21 4
h = 2
1  1  1  1  1  1  2  
diameter = 1

12 : 1 5 9 6 10 11 19 20 21 4
h = 1
1  1  1  1  1  1  1  
diameter = 0

20 : 1 5 12 10 17 2 3 7 8
h = 4
1  1  1  2  3  4  4  
diameter = 2

9 : 5 12 6 14 15 18 21
h = 1
1  1  1  1  1  1  1  
diameter = 1

14 : 1 9 6 11 16 3 4 8
h = 1
1  1  1  1  1  1  1  
diameter = 0

2 : 16 17 18 19 20 21
h = 5
1  1  1  2  3  4  5  
diameter = 2

10 : 12 13 6 15 16 18 20
h = 1
1  1  1  1  1  1  1  
diameter = 0

16 : 1 5 11 14 6 10 21 2 7
h = 1
1  1  1  1  1  1  1  
diameter = 1

7 : 5 6 16 17 18 19 20 21 3 4
h = 2
1  1  1  1  1  1  2  
diameter = 1

Graph 33
h = 1
1  1  1  1  1  1  1  
diameter = 0

18 : 1 5 13 14 10 2 7
h = 4
1  1  1  2  3  4  3  
diameter = 2

8 : 5 13 6 19 20 21 4
h = 2
1  1  1  1  1  1  2  
diameter = 1

12 : 1 5 9 11 6 10 19 20 21 4
h = 1
1  1  1  1  1  1  1  
diameter = 0

20 : 1 5 12 14 10 17 2 3 7 8
h = 4
1  1  1  2  3  4  4  
diameter = 2

9 : 5 12 6 15 18 21
h = 1
1  1  1  1  1  1  1  
diameter = 1

14 : 1 6 16 18 20
h = 1
1  1  1  1  1  1  1  
diameter = 0

2 : 16 17 18 19 20 21
h = 4
1  1  1  2  3  4  4  
diameter = 2

6 : 12 9 13 14 10 16 17 19 7 8
h = 1
1  1  1  1  1  1  1  
diameter = 0

16 : 1 5 11 6 15 10 21 2 7
h = 1
1  1  1  1  1  1  1  
diameter = 1

7 : 5 6 16 17 18 19 20 21 3 4
h = 2
1  1  1  1  1  1  2  
diameter = 1

Graph 37
h = 1
1  1  1  1  1  1  1  
diameter = 0

18 : 1 5 13 14 10 2 7
h = 4
1  1  1  2  3  4  3  
diameter = 2

8 : 5 13 6 15 19 20 21 4
h = 2
1  1  1  1  1  1  2  
diameter = 1

12 : 1 5 9 11 6 10 19 20 21 4
h = 1
1  1  1  1  1  1  1  
diameter = 0

20 : 1 5 12 14 10 17 2 3 7 8
h = 4
1  1  1  2  3  4  4  
diameter = 2

9 : 5 12 6 15 21
h = 1
1  1  1  1  1  1  1  
diameter = 1

14 : 1 6 16 18 20
h = 1
1  1  1  1  1  1  1  
diameter = 0

2 : 16 17 18 19 20 21
h = 4
1  1  1  2  3  4  4  
diameter = 2

6 : 12 9 13 14 10 16 17 19 7 8
h = 1
1  1  1  1  1  1  1  
diameter = 0

16 : 1 5 11 14 6 15 10 21 2 7
h = 1
1  1  1  1  1  1  1  
diameter = 1

7 : 5 6 16 17 18 19 20 21 3 4
h = 2
1  1  1  1  1  1  2  
diameter = 1

Graph 41
h = 1
1  1  1  1  1  1  1  
diameter = 0

18 : 1 5 13 10 2 7
h = 4
1  1  1  2  3  4  3  
diameter = 2

8 : 5 13 14 6 15 19 20 21 4
h = 2
1  1  1  1  1  1  2  
diameter = 1

12 : 1 5 9 11 6 10 19 20 21 4
h = 1
1  1  1  1  1  1  1  
diameter = 0

20 : 1 5 12 14 10 17 2 3 7 8
h = 4
1  1  1  2  3  4  4  
diameter = 2

9 : 5 12 6 15 18 21
h = 1
1  1  1  1  1  1  1  
diameter = 1

14 : 1 9 6 16 3 4 8
h = 1
1  1  1  1  1  1  1  
diameter = 0

2 : 16 17 18 19 20 21
h = 4
1  1  1  2  3  4  4  
diameter = 2

6 : 12 9 13 14 10 16 17 19 7 8
h = 1
1  1  1  1  1  1  1  
diameter = 0

16 : 1 5 11 14 6 15 10 21 2 7
h = 1
1  1  1  1  1  1  1  
diameter = 1

7 : 5 6 16 17 18 19 20 21 3 4
h = 2
1  1  1  1  1  1  2  
diameter = 1

Graph 45
h = 1
1  1  1  1  1  1  1  
diameter = 0

18 : 1 5 9 10 19 2 7 4
h = 4
1  1  1  2  3  4  3  
diameter = 2

8 : 5 13 14 6 15 19 20 21 4
h = 2
1  1  1  1  1  1  2  
diameter = 1

12 : 1 10 5 9 6 11 19 20 21 4
h = 1
1  1  1  1  1  1  1  
diameter = 0

20 : 1 10 12 14 17 2 3 7 8
h = 4
1  1  1  2  3  4  3  
diameter = 2

5 : 12 13 9 16 7 8
h = 1
1  1  1  1  1  1  1  
diameter = 1

14 : 1 9 6 11 18 20 4
h = 1
1  1  1  1  1  1  1  
diameter = 0

2 : 16 17 18 19 20 21
h = 4
1  1  1  2  3  4  4  
diameter = 2

6 : 10 12 13 9 14 16 17 19 7 8
h = 1
1  1  1  1  1  1  1  
diameter = 0

16 : 1 5 14 6 15 11 21 2 7
h = 1
1  1  1  1  1  1  1  
diameter = 1

7 : 5 6 16 17 18 19 20 21 3 4
h = 2
1  1  1  1  1  1  2  
diameter = 1

Graph 49
h = 1
1  1  1  1  1  1  1  
diameter = 0

18 : 1 13 9 14 2 7 4
h = 4
1  1  1  2  3  4  3  
diameter = 2

8 : 5 14 6 15 19 20 21 4
h = 2
1  1  1  1  1  1  2  
diameter = 1

