Graph 1
h = 9
1  1  2  3  1  1  4  5  6  1  7  8  1  9  1  
diameter = 2

Graph 2
h = 7
1  1  2  3  1  1  4  5  6  1  3  7  1  1  2  
diameter = 3

Graph 3
h = 7
1  1  2  3  1  1  3  4  5  1  6  7  4  1  5  
diameter = 4

Graph 4
h = 6
1  1  2  3  1  1  3  4  5  1  6  1  3  2  4  
diameter = 5

Graph 5
h = 6
1  1  2  3  1  1  2  4  5  1  4  1  6  3  5  
diameter = 3

Graph 6
h = 7
1  1  2  1  1  1  3  4  5  1  6  1  3  2  7  
diameter = 3

Graph 7
h = 7
1  1  2  1  1  1  3  4  5  1  3  1  6  2  7  
diameter = 4

Graph 8
h = 7
1  1  2  3  1  1  3  4  5  5  1  2  6  7  1  
diameter = 4

Graph 9
h = 6
1  1  2  3  1  1  2  3  4  5  1  1  6  2  5  
diameter = 4

Graph 10
h = 7
1  1  2  1  1  1  1  3  4  5  5  1  6  1  7  
diameter = 3

Graph 11
h = 6
1  1  2  1  1  1  3  4  1  1  5  2  2  6  6  
diameter = 5

Graph 12
h = 6
1  1  2  1  1  1  2  3  1  3  1  4  4  5  6  
diameter = 4

Graph 13
h = 6
1  1  1  1  1  1  2  3  1  4  1  4  5  6  5  
diameter = 5

Graph 14
h = 7
1  1  1  1  1  1  2  3  1  4  1  4  5  6  7  
diameter = 3

Graph 15
h = 6
1  1  1  1  1  1  2  2  1  3  4  3  4  5  6  
diameter = 3

Graph 16
h = 7
1  1  1  1  1  2  1  3  1  4  5  6  4  2  7  
diameter = 3

