Graph 132
h = 7
1  1  1  1  1  1  1  2  1  3  1  1  2  4  5  6  6  7  2  1  1  
diameter = 3

Graph 131
h = 6
1  1  1  1  1  1  1  2  3  1  1  2  2  1  4  1  4  5  4  6  1  
diameter = 5

Graph 130
h = 5
1  1  1  1  2  1  1  2  3  2  1  4  1  3  3  1  5  4  1  5  1  
diameter = 3

Graph 129
h = 6
1  1  1  2  1  1  1  2  1  3  1  4  1  4  4  5  5  6  1  1  1  
diameter = 4

Graph 128
h = 6
1  1  1  2  1  1  1  2  1  3  1  4  1  4  4  5  5  6  1  1  1  
diameter = 5

Graph 127
h = 7
1  1  1  2  1  1  1  2  1  3  1  4  1  4  5  6  6  7  1  1  1  
diameter = 4

Graph 126
h = 6
1  1  1  2  1  1  1  3  1  4  1  3  1  1  3  5  5  6  6  1  1  
diameter = 5

Graph 125
h = 5
1  1  2  1  1  1  1  2  3  2  1  1  3  1  4  1  4  5  2  4  1  
diameter = 4

Graph 124
h = 5
1  1  2  1  1  1  1  3  4  2  1  1  5  1  3  1  1  5  4  2  1  
diameter = 3

Graph 123
h = 6
1  1  2  1  1  1  1  1  3  4  1  1  5  6  2  3  1  1  1  5  1  
diameter = 3

Graph 122
h = 7
1  1  2  1  1  1  1  1  3  4  1  1  5  6  1  7  5  1  1  3  1  
diameter = 3

Graph 121
h = 7
1  1  2  1  1  1  1  1  3  4  1  1  5  1  6  7  1  1  1  5  1  
diameter = 4

Graph 120
