Graph 34
h = 11
1  1  2  3  1  1  1  4  5  6  7  1  8  9  1  1  10  2  4  3  11  
diameter = 5

Graph 35
h = 10
1  1  2  3  1  1  1  4  5  6  7  1  3  8  1  2  5  2  4  9  10  
diameter = 4

Graph 36
h = 10
1  1  2  3  1  1  1  4  5  6  7  1  3  8  1  1  4  2  9  10  5  
diameter = 3

Graph 37
h = 12
1  1  2  3  1  1  1  4  5  6  7  1  1  8  4  2  9  10  11  1  12  
diameter = 4

Graph 38
h = 11
1  1  2  3  1  1  1  4  5  6  7  1  1  8  1  2  4  9  10  3  11  
diameter = 5

Graph 39
h = 9
1  1  2  3  1  1  1  4  5  6  7  1  4  8  1  8  4  2  5  6  9  
diameter = 3

Graph 40
h = 10
1  1  2  3  1  1  1  3  4  5  6  2  7  8  1  2  9  3  10  1  4  
diameter = 4

Graph 41
h = 11
1  1  2  3  1  1  1  2  4  5  6  1  1  7  1  8  9  10  8  3  11  
diameter = 4

Graph 42
h = 10
1  1  2  3  1  1  1  2  4  5  6  7  3  8  1  1  9  2  4  10  10  
diameter = 5

Graph 43
h = 11
1  1  2  3  1  1  1  2  4  5  6  1  1  7  1  7  8  9  10  3  11  
diameter = 5

Graph 44
h = 10
1  1  2  3  1  1  1  2  4  5  6  1  2  4  1  7  8  3  7  9  10  
diameter = 5

Graph 45
h = 11
1  1  2  3  1  1  1  2  4  5  6  1  2  4  1  3  7  8  9  10  11  
diameter = 4

Graph 46
h = 10
1  1  2  3  4  1  1  3  4  5  6  1  7  1  8  6  2  3  9  10  1  
diameter = 4

Graph 47
h = 9
1  1  2  3  4  1  1  3  5  4  6  1  7  8  1  9  1  2  6  5  7  
diameter = 5

Graph 48
h = 10
1  1  2  3  4  1  1  3  4  5  6  1  7  1  3  6  2  8  9  10  1  
diameter = 4

Graph 49
h = 9
1  1  2  3  4  1  1  3  4  5  6  2  7  1  1  6  1  3  8  9  7  
diameter = 5

Graph 50
h = 8
1  1  2  3  4  1  1  3  5  4  6  1  7  3  1  8  7  2  6  5  8  
diameter = 4

Graph 51
h = 10
1  1  2  3  4  1  1  3  5  6  7  1  3  1  8  9  2  10  4  1  1  
diameter = 4

Graph 52
h = 10
1  1  2  3  4  1  1  2  5  6  7  1  7  1  3  4  8  9  10  5  1  
diameter = 4

Graph 53
h = 9
1  1  2  3  4  1  1  2  5  6  7  7  3  1  1  8  5  9  4  1  8  
diameter = 4

Graph 54
h = 9
1  1  2  3  4  1  1  2  5  3  6  1  7  1  1  8  4  9  6  2  7  
diameter = 5

Graph 55
h = 9
1  1  2  3  4  1  1  2  3  5  6  4  7  5  1  8  1  3  9  2  9  
diameter = 6

Graph 56
h = 10
1  1  2  3  1  1  1  3  4  5  6  1  7  8  1  5  3  2  4  9  10  
diameter = 4

Graph 57
h = 10
1  1  2  3  1  1  1  4  5  6  7  1  3  8  1  9  4  2  1  10  10  
diameter = 5

Graph 58
h = 10
1  1  2  3  1  1  1  3  4  5  6  1  7  3  1  5  8  2  4  9  10  
diameter = 4

Graph 59
h = 10
1  1  2  3  1  1  1  3  4  5  6  1  3  7  1  8  9  2  1  10  10  
diameter = 4

Graph 60
h = 10
1  1  2  3  1  1  1  2  4  5  6  1  5  3  1  7  8  9  4  10  7  
diameter = 4

Graph 61
h = 10
1  1  2  3  1  1  1  4  5  6  3  1  4  7  1  8  9  2  5  6  10  
diameter = 4

Graph 62
h = 11
1  1  2  1  3  1  1  3  4  5  6  1  7  1  1  8  2  9  10  11  7  
diameter = 5

Graph 63
h = 9
1  1  2  1  3  1  1  4  5  3  6  1  7  3  1  4  7  8  8  9  5  
diameter = 3

Graph 64
h = 11
1  1  2  1  3  1  1  2  4  5  6  1  7  1  1  8  3  9  10  11  7  
diameter = 4

Graph 65
h = 10
1  1  2  1  3  1  1  2  4  3  5  6  7  3  1  8  1  4  9  10  9  
diameter = 5

Graph 66
h = 10
1  1  2  1  1  1  1  3  4  5  6  1  3  7  1  8  9  2  7  10  10  
diameter = 4

Graph 67
h = 12
1  1  2  1  1  1  1  3  4  5  6  1  3  7  1  8  9  2  10  11  12  
diameter = 4

Graph 68
h = 10
1  1  2  3  1  1  1  4  2  5  6  7  1  8  1  5  4  1  9  10  10  
diameter = 3

Graph 69
h = 9
1  1  2  3  1  1  1  4  5  6  7  2  2  8  1  8  4  1  9  3  5  
diameter = 4

Graph 70
h = 10
1  1  2  3  4  1  1  3  4  5  6  2  7  1  8  1  9  3  10  9  1  
diameter = 4

Graph 71
h = 9
1  1  2  3  4  1  1  3  4  5  6  2  7  1  1  1  8  3  9  8  2  
diameter = 4

Graph 72
h = 9
1  1  2  3  4  1  1  2  5  3  6  5  7  1  1  8  4  9  6  1  9  
diameter = 4

Graph 73
h = 10
1  1  2  3  1  1  1  4  5  6  2  7  3  8  1  1  4  9  2  10  10  
diameter = 4

Graph 74
h = 10
1  1  2  3  1  1  1  4  5  6  2  7  3  8  1  1  9  5  7  10  4  
diameter = 4

Graph 75
h = 10
1  1  2  1  3  1  1  4  5  2  6  7  8  1  1  4  3  1  9  10  10  
diameter = 3

Graph 76
h = 10
1  1  2  1  1  1  1  3  4  5  2  6  7  8  1  3  1  4  9  10  9  
diameter = 4

Graph 77
h = 11
1  1  2  3  1  1  1  1  4  5  6  2  7  8  9  1  10  1  7  3  11  
diameter = 3

Graph 78
h = 11
1  1  2  3  1  1  1  1  4  5  6  2  3  7  8  1  9  1  10  3  11  
diameter = 4

Graph 79
h = 10
1  1  2  3  1  1  1  1  4  5  6  2  7  8  3  1  4  1  7  9  10  
diameter = 3

Graph 80
