Graph 1
h = 9
1  1  2  3  1  1  4  5  6  1  7  8  1  9  1  
diameter = 2

Graph 2
h = 7
1  1  2  3  1  1  4  5  6  1  3  7  1  1  1  
diameter = 3

Graph 3
h = 7
1  1  2  3  1  1  3  4  5  1  6  7  1  1  1  
diameter = 4

Graph 4
h = 6
1  1  2  3  1  1  3  4  5  1  6  1  1  1  1  
diameter = 3

Graph 5
h = 5
1  1  2  3  1  1  2  3  4  1  1  1  1  5  1  
diameter = 3

Graph 6
h = 6
1  1  2  1  1  1  3  4  5  1  6  1  3  1  1  
diameter = 3

Graph 7
h = 5
1  1  2  1  1  1  2  3  4  1  3  1  5  5  1  
diameter = 4

Graph 8
h = 5
1  1  2  3  1  1  3  4  5  5  1  2  1  4  1  
diameter = 4

Graph 9
h = 5
1  1  2  3  1  1  2  3  4  2  1  1  1  5  1  
diameter = 5

Graph 10
h = 6
1  1  2  1  1  1  1  3  4  1  5  1  6  1  1  
diameter = 3

Graph 11
h = 5
1  1  2  1  1  1  3  4  1  1  5  1  1  1  1  
diameter = 2

Graph 12
h = 4
1  1  2  1  1  1  2  3  1  1  1  1  1  4  1  
diameter = 3

Graph 13
h = 4
1  1  1  1  1  1  2  3  1  2  1  1  1  4  1  
diameter = 3

Graph 14
h = 4
1  1  1  1  1  1  2  3  1  2  1  1  1  4  1  
diameter = 4

Graph 15
h = 3
1  1  1  1  1  1  2  2  1  1  1  3  1  3  1  
diameter = 1

Graph 16
h = 4
1  1  1  1  1  1  1  2  1  3  3  4  3  1  1  
diameter = 3

