Graph 1
h = 14
1  1  2  3  4  1  1  5  6  7  8  1  9  10  11  1  12  13  1  14  1  
diameter = 2

Graph 2
h = 12
1  1  2  3  4  1  1  5  6  7  8  1  9  10  11  1  4  12  1  1  1  
diameter = 3

Graph 3
h = 12
1  1  2  3  4  1  1  5  6  7  8  1  4  9  10  1  11  12  1  1  1  
diameter = 4

Graph 4
h = 11
1  1  2  3  4  1  1  5  6  7  8  1  4  9  10  1  11  1  1  1  1  
diameter = 3

Graph 5
h = 9
1  1  2  3  4  1  1  5  6  7  8  1  3  4  9  1  1  1  1  2  1  
diameter = 3

Graph 6
h = 11
1  1  2  3  4  1  1  4  5  6  7  1  8  9  10  1  11  1  1  1  1  
diameter = 4

Graph 7
h = 9
1  1  2  3  4  1  1  4  5  6  7  1  3  8  9  1  1  1  6  2  1  
diameter = 5

Graph 8
h = 10
1  1  2  3  4  1  1  5  6  7  8  1  3  9  10  1  1  6  3  5  1  
diameter = 4

Graph 9
h = 9
1  1  2  3  4  1  1  5  6  7  8  1  3  4  9  1  1  1  1  6  1  
diameter = 4

Graph 10
h = 11
1  1  2  3  4  1  1  4  5  6  7  1  8  9  10  1  11  1  1  1  1  
diameter = 4

Graph 11
h = 9
1  1  2  3  4  1  1  4  5  6  7  1  3  8  9  1  3  1  1  1  1  
diameter = 5

Graph 12
h = 9
1  1  2  3  4  1  1  3  4  5  6  1  7  8  9  1  1  7  6  8  1  
diameter = 3

Graph 13
h = 9
1  1  2  3  4  1  1  3  4  5  6  1  7  8  9  1  1  1  6  7  1  
diameter = 3

Graph 14
h = 9
1  1  2  3  4  1  1  3  4  5  6  1  7  8  9  1  4  1  1  7  1  
diameter = 4

Graph 15
h = 11
1  1  2  3  4  1  1  5  6  7  8  1  1  9  10  1  4  11  1  1  1  
diameter = 3

Graph 16
h = 10
1  1  2  3  4  1  1  5  6  7  8  1  1  4  9  1  5  10  1  1  1  
diameter = 4

Graph 17
h = 10
1  1  2  3  4  1  1  4  5  6  7  1  1  8  9  1  10  4  6  1  1  
diameter = 4

Graph 18
h = 10
1  1  2  3  4  1  1  4  5  6  7  1  8  9  1  1  10  1  1  1  1  
diameter = 3

Graph 19
h = 8
1  1  2  3  4  1  1  4  5  6  7  1  3  8  1  1  1  1  1  2  1  
diameter = 3

Graph 20
h = 8
1  1  2  3  4  1  1  3  4  5  6  1  7  8  1  1  1  1  1  7  1  
diameter = 4

Graph 21
h = 8
1  1  2  3  4  1  1  3  4  5  6  1  7  8  1  1  1  1  1  7  1  
diameter = 5

Graph 22
h = 10
1  1  2  3  4  1  1  4  5  6  7  1  1  8  4  2  9  10  6  1  1  
diameter = 4

Graph 23
h = 9
1  1  2  3  4  1  1  4  5  6  7  1  1  8  1  1  4  9  1  1  1  
diameter = 4

Graph 24
h = 8
1  1  2  3  4  1  1  4  5  6  7  1  1  8  1  1  4  2  1  1  1  
diameter = 3

Graph 25
h = 7
1  1  2  3  4  1  1  3  4  5  6  1  7  1  1  1  1  2  1  7  1  
diameter = 3

Graph 26
h = 7
1  1  2  3  4  1  1  3  4  5  6  1  7  1  1  1  3  7  1  2  1  
diameter = 3

Graph 27
h = 10
1  1  2  3  4  1  1  2  4  5  6  1  1  7  8  1  9  10  2  1  1  
diameter = 4

Graph 28
h = 9
1  1  2  3  4  1  1  2  4  5  6  1  1  7  1  1  8  9  1  1  1  
diameter = 4

Graph 29
h = 8
1  1  2  3  4  1  1  2  4  5  6  1  1  7  1  1  8  8  1  1  1  
diameter = 5

Graph 30
h = 7
1  1  2  3  4  1  1  2  4  5  6  1  1  2  1  1  7  3  1  7  1  
diameter = 3

Graph 31
h = 7
1  1  2  3  4  1  1  2  3  5  6  1  1  5  1  1  7  4  1  6  1  
diameter = 3

Graph 32
h = 9
1  1  2  3  1  1  1  4  5  6  7  1  3  8  9  1  5  1  4  3  1  
diameter = 4

Graph 33
h = 10
1  1  2  3  1  1  1  4  5  6  7  1  1  8  9  1  10  4  6  1  1  
diameter = 3

Graph 34
h = 10
1  1  2  3  1  1  1  4  5  6  7  1  8  9  1  1  10  1  4  1  1  
diameter = 3

Graph 35
h = 8
1  1  2  3  1  1  1  4  5  6  7  1  3  8  1  1  4  1  5  2  1  
diameter = 4

Graph 36
h = 8
1  1  2  3  1  1  1  3  4  5  6  1  7  8  1  1  4  1  5  5  1  
diameter = 3

Graph 37
h = 10
1  1  2  3  1  1  1  4  5  6  7  1  1  8  4  2  9  10  6  1  1  
diameter = 4

Graph 38
h = 9
1  1  2  3  1  1  1  4  5  6  7  1  1  8  1  1  4  9  6  1  1  
diameter = 3

Graph 39
h = 8
1  1  2  3  1  1  1  4  5  6  7  1  1  8  1  1  4  2  5  1  1  
diameter = 3

Graph 40
h = 7
1  1  2  3  1  1  1  3  4  5  6  1  7  4  1  1  5  3  7  7  1  
diameter = 4

Graph 41
h = 9
1  1  2  3  1  1  1  2  4  5  6  1  1  7  1  1  8  9  5  1  1  
diameter = 4

Graph 42
h = 8
1  1  2  3  1  1  1  2  4  5  6  1  1  7  1  1  8  8  4  1  1  
diameter = 5

Graph 43
h = 9
1  1  2  3  1  1  1  2  4  5  6  1  1  5  1  1  7  8  9  4  1  
diameter = 4

Graph 44
h = 7
1  1  2  3  1  1  1  2  4  5  6  1  1  4  1  1  7  3  5  5  1  
diameter = 5

Graph 45
h = 7
1  1  2  3  1  1  1  2  4  5  6  1  1  4  1  1  7  3  5  5  1  
diameter = 4

Graph 46
h = 9
1  1  2  3  4  1  1  3  4  5  6  1  7  1  8  6  1  3  9  5  1  
diameter = 4

Graph 47
h = 8
1  1  2  3  4  1  1  3  4  5  6  1  7  8  1  4  1  1  1  3  1  
diameter = 5

Graph 48
h = 8
1  1  2  3  4  1  1  3  4  5  6  1  7  1  3  4  8  8  2  7  1  
diameter = 4

Graph 49
h = 7
1  1  2  3  4  1  1  3  4  5  6  1  7  1  1  4  1  3  2  7  1  
diameter = 4

Graph 50
h = 7
1  1  2  3  4  1  1  3  4  5  6  1  7  1  1  3  1  2  1  3  1  
diameter = 5

Graph 51
h = 9
1  1  2  3  4  1  1  2  5  6  7  1  3  1  8  7  1  9  1  1  1  
diameter = 4

Graph 52
h = 8
1  1  2  3  4  1  1  2  5  6  7  1  4  1  3  5  1  8  2  2  1  
diameter = 4

Graph 53
h = 8
1  1  2  3  4  1  1  2  5  6  7  1  3  1  1  4  1  8  1  1  1  
diameter = 5

Graph 54
h = 7
1  1  2  3  4  1  1  2  3  5  6  1  3  1  1  4  4  7  1  1  1  
diameter = 5

Graph 55
h = 6
1  1  2  3  4  1  1  2  3  5  6  1  4  5  1  6  1  3  1  2  1  
diameter = 7

Graph 56
h = 8
1  1  2  3  1  1  1  3  4  5  6  1  7  8  1  4  5  1  1  7  1  
diameter = 4

Graph 57
h = 8
1  1  2  3  1  1  1  4  5  6  7  1  3  8  1  5  4  1  1  1  1  
diameter = 4

Graph 58
h = 7
1  1  2  3  1  1  1  3  4  5  6  1  7  3  1  4  5  2  1  4  1  
diameter = 5

Graph 59
h = 8
1  1  2  3  1  1  1  2  4  5  6  1  3  7  1  5  8  1  1  1  1  
diameter = 4

Graph 60
h = 7
1  1  2  3  1  1  1  2  4  5  6  1  3  5  1  4  7  4  1  7  1  
diameter = 4

Graph 61
h = 7
1  1  2  3  1  1  1  2  4  5  6  1  3  7  1  5  4  1  1  5  1  
diameter = 5

Graph 62
h = 9
1  1  2  1  3  1  1  3  4  5  6  1  7  1  1  4  1  8  9  2  1  
diameter = 4

Graph 63
h = 7
1  1  2  1  3  1  1  3  4  5  6  1  7  1  1  4  1  2  5  2  1  
diameter = 4

Graph 64
h = 9
1  1  2  1  3  1  1  2  3  4  5  1  6  1  1  7  1  8  9  4  1  
diameter = 4

Graph 65
h = 7
1  1  2  1  3  1  1  2  3  4  5  1  6  1  1  7  1  7  4  4  1  
diameter = 5

Graph 66
h = 8
1  1  2  1  1  1  1  2  3  4  5  1  3  4  1  6  7  8  1  6  1  
diameter = 4

Graph 67
